<?xml version="1.0" encoding="UTF-8"?>
<testsuite name="security1.DemoApplicationTests" tests="1" skipped="0" failures="0" errors="0" timestamp="2023-10-06T16:49:47" hostname="bagdong-uui-MacBookAir.local" time="0.069">
  <properties/>
  <testcase name="contextLoads()" classname="security1.DemoApplicationTests" time="0.069"/>
  <system-out><![CDATA[01:49:46.339 [Test worker] DEBUG org.springframework.boot.test.context.SpringBootTestContextBootstrapper - Neither @ContextConfiguration nor @ContextHierarchy found for test class [DemoApplicationTests]: using SpringBootContextLoader
01:49:46.341 [Test worker] DEBUG org.springframework.test.context.support.AbstractContextLoader - Could not detect default resource locations for test class [security1.DemoApplicationTests]: no resource found for suffixes {-context.xml, Context.groovy}.
01:49:46.341 [Test worker] INFO org.springframework.test.context.support.AnnotationConfigContextLoaderUtils - Could not detect default configuration classes for test class [security1.DemoApplicationTests]: DemoApplicationTests does not declare any static, non-private, non-final, nested classes annotated with @Configuration.
01:49:46.352 [Test worker] DEBUG org.springframework.boot.test.context.SpringBootTestContextBootstrapper - Using ContextCustomizers for test class [DemoApplicationTests]: [DisableObservabilityContextCustomizer, PropertyMappingContextCustomizer, Customizer, ExcludeFilterContextCustomizer, DuplicateJsonObjectContextCustomizer, MockitoContextCustomizer, TestRestTemplateContextCustomizer]
01:49:46.383 [Test worker] DEBUG org.springframework.context.annotation.ClassPathScanningCandidateComponentProvider - Identified candidate component class: file [/Users/parkdongwoo/security/demo 3/build/classes/java/main/security1/DemoApplication.class]
01:49:46.384 [Test worker] INFO org.springframework.boot.test.context.SpringBootTestContextBootstrapper - Found @SpringBootConfiguration security1.DemoApplication for test class security1.DemoApplicationTests
01:49:46.428 [Test worker] DEBUG org.springframework.boot.test.context.SpringBootTestContextBootstrapper - Using TestExecutionListeners for test class [DemoApplicationTests]: [ServletTestExecutionListener, DirtiesContextBeforeModesTestExecutionListener, ApplicationEventsTestExecutionListener, MockitoTestExecutionListener, DependencyInjectionTestExecutionListener, DirtiesContextTestExecutionListener, TransactionalTestExecutionListener, SqlScriptsTestExecutionListener, WithSecurityContextTestExecutionListener, EventPublishingTestExecutionListener, ReactorContextTestExecutionListener, RestDocsTestExecutionListener, MockRestServiceServerResetTestExecutionListener, MockMvcPrintOnlyOnFailureTestExecutionListener, WebDriverTestExecutionListener, MockWebServiceServerTestExecutionListener, ResetMocksTestExecutionListener]
01:49:46.429 [Test worker] DEBUG org.springframework.test.context.support.AbstractDirtiesContextTestExecutionListener - Before test class: class [DemoApplicationTests], class annotated with @DirtiesContext [false] with mode [null]

  .   ____          _            __ _ _
 /\\ / ___'_ __ _ _(_)_ __  __ _ \ \ \ \
( ( )\___ | '_ | '_| | '_ \/ _` | \ \ \ \
 \\/  ___)| |_)| | | | | || (_| |  ) ) ) )
  '  |____| .__|_| |_|_| |_\__, | / / / /
 =========|_|==============|___/=/_/_/_/
 :: Spring Boot ::                (v3.0.2)

2023-10-07T01:49:46.545+09:00  INFO 10550 --- [    Test worker] security1.DemoApplicationTests           : Starting DemoApplicationTests using Java 17.0.7 with PID 10550 (started by parkdongwoo in /Users/parkdongwoo/security/demo 3)
2023-10-07T01:49:46.546+09:00  INFO 10550 --- [    Test worker] security1.DemoApplicationTests           : No active profile set, falling back to 1 default profile: "default"
2023-10-07T01:49:46.793+09:00  INFO 10550 --- [    Test worker] .s.d.r.c.RepositoryConfigurationDelegate : Bootstrapping Spring Data JPA repositories in DEFAULT mode.
2023-10-07T01:49:46.816+09:00  INFO 10550 --- [    Test worker] .s.d.r.c.RepositoryConfigurationDelegate : Finished Spring Data repository scanning in 20 ms. Found 1 JPA repository interfaces.
2023-10-07T01:49:47.013+09:00  INFO 10550 --- [    Test worker] o.hibernate.jpa.internal.util.LogHelper  : HHH000204: Processing PersistenceUnitInfo [name: default]
2023-10-07T01:49:47.032+09:00  INFO 10550 --- [    Test worker] org.hibernate.Version                    : HHH000412: Hibernate ORM core version 6.1.6.Final
2023-10-07T01:49:47.091+09:00  WARN 10550 --- [    Test worker] org.hibernate.orm.deprecation            : HHH90000021: Encountered deprecated setting [javax.persistence.sharedCache.mode], use [jakarta.persistence.sharedCache.mode] instead
2023-10-07T01:49:47.131+09:00  INFO 10550 --- [    Test worker] com.zaxxer.hikari.HikariDataSource       : HikariPool-1 - Starting...
2023-10-07T01:49:47.167+09:00  INFO 10550 --- [    Test worker] com.zaxxer.hikari.pool.HikariPool        : HikariPool-1 - Added connection conn0: url=jdbc:h2:tcp://localhost/~/jpashop user=SA
2023-10-07T01:49:47.167+09:00  INFO 10550 --- [    Test worker] com.zaxxer.hikari.HikariDataSource       : HikariPool-1 - Start completed.
2023-10-07T01:49:47.184+09:00  INFO 10550 --- [    Test worker] SQL dialect                              : HHH000400: Using dialect: org.hibernate.dialect.H2Dialect
2023-10-07T01:49:47.450+09:00  INFO 10550 --- [    Test worker] o.h.e.t.j.p.i.JtaPlatformInitiator       : HHH000490: Using JtaPlatform implementation: [org.hibernate.engine.transaction.jta.platform.internal.NoJtaPlatform]
2023-10-07T01:49:47.454+09:00  INFO 10550 --- [    Test worker] j.LocalContainerEntityManagerFactoryBean : Initialized JPA EntityManagerFactory for persistence unit 'default'
2023-10-07T01:49:47.722+09:00  INFO 10550 --- [    Test worker] o.s.s.web.DefaultSecurityFilterChain     : Will secure any request with [org.springframework.security.web.session.DisableEncodeUrlFilter@27d0376f, org.springframework.security.web.context.request.async.WebAsyncManagerIntegrationFilter@21948bd1, org.springframework.security.web.context.SecurityContextHolderFilter@624be1d4, org.springframework.security.web.header.HeaderWriterFilter@5e41e6ad, org.springframework.security.web.authentication.logout.LogoutFilter@55cc4c61, org.springframework.security.web.authentication.UsernamePasswordAuthenticationFilter@6f740044, org.springframework.security.web.savedrequest.RequestCacheAwareFilter@3897f9ae, org.springframework.security.web.servletapi.SecurityContextHolderAwareRequestFilter@15c3849f, org.springframework.security.web.authentication.rememberme.RememberMeAuthenticationFilter@712e4b18, org.springframework.security.web.authentication.AnonymousAuthenticationFilter@22617270, org.springframework.security.web.access.ExceptionTranslationFilter@5464aeec, org.springframework.security.web.access.intercept.AuthorizationFilter@c02a1be]
2023-10-07T01:49:47.868+09:00  INFO 10550 --- [    Test worker] security1.DemoApplicationTests           : Started DemoApplicationTests in 1.421 seconds (process running for 1.868)
]]></system-out>
  <system-err><![CDATA[]]></system-err>
</testsuite>
